2015-08-28 17:03:37.931 [WARN ] [.u.component.AbstractLifeCycle] - FAILED SelectChannelConnector@0.0.0.0:8080: java.net.BindException: Address already in use: bind
java.net.BindException: Address already in use: bind
	at sun.nio.ch.Net.bind0(Native Method) ~[na:1.8.0_31]
	at sun.nio.ch.Net.bind(Unknown Source) ~[na:1.8.0_31]
	at sun.nio.ch.Net.bind(Unknown Source) ~[na:1.8.0_31]
	at sun.nio.ch.ServerSocketChannelImpl.bind(Unknown Source) ~[na:1.8.0_31]
	at sun.nio.ch.ServerSocketAdaptor.bind(Unknown Source) ~[na:1.8.0_31]
	at org.eclipse.jetty.server.nio.SelectChannelConnector.open(SelectChannelConnector.java:182) ~[org.eclipse.jetty.server_8.1.3.v20120522.jar:8.1.3.v20120522]
	at org.eclipse.jetty.server.AbstractConnector.doStart(AbstractConnector.java:311) ~[org.eclipse.jetty.server_8.1.3.v20120522.jar:8.1.3.v20120522]
	at org.eclipse.jetty.server.nio.SelectChannelConnector.doStart(SelectChannelConnector.java:260) ~[org.eclipse.jetty.server_8.1.3.v20120522.jar:8.1.3.v20120522]
	at org.eclipse.jetty.util.component.AbstractLifeCycle.start(AbstractLifeCycle.java:59) [org.eclipse.jetty.util_8.1.3.v20120522.jar:8.1.3.v20120522]
	at org.eclipse.jetty.server.Server.doStart(Server.java:273) [org.eclipse.jetty.server_8.1.3.v20120522.jar:8.1.3.v20120522]
	at org.eclipse.jetty.util.component.AbstractLifeCycle.start(AbstractLifeCycle.java:59) [org.eclipse.jetty.util_8.1.3.v20120522.jar:8.1.3.v20120522]
	at org.eclipse.jetty.osgi.boot.internal.serverfactory.ServerInstanceWrapper.start(ServerInstanceWrapper.java:166) [org.eclipse.jetty.osgi.boot_8.1.3.v20120522.jar:8.1.3.v20120522]
	at org.eclipse.jetty.osgi.boot.internal.serverfactory.JettyServerServiceTracker.serviceChanged(JettyServerServiceTracker.java:112) [org.eclipse.jetty.osgi.boot_8.1.3.v20120522.jar:8.1.3.v20120522]
	at org.eclipse.osgi.internal.serviceregistry.FilteredServiceListener.serviceChanged(FilteredServiceListener.java:107) [org.eclipse.osgi_3.8.2.v20130124-134944.jar:na]
	at org.eclipse.osgi.framework.internal.core.BundleContextImpl.dispatchEvent(BundleContextImpl.java:861) [org.eclipse.osgi_3.8.2.v20130124-134944.jar:na]
	at org.eclipse.osgi.framework.eventmgr.EventManager.dispatchEvent(EventManager.java:230) [org.eclipse.osgi_3.8.2.v20130124-134944.jar:na]
	at org.eclipse.osgi.framework.eventmgr.ListenerQueue.dispatchEventSynchronous(ListenerQueue.java:148) [org.eclipse.osgi_3.8.2.v20130124-134944.jar:na]
	at org.eclipse.osgi.internal.serviceregistry.ServiceRegistry.publishServiceEventPrivileged(ServiceRegistry.java:819) [org.eclipse.osgi_3.8.2.v20130124-134944.jar:na]
	at org.eclipse.osgi.internal.serviceregistry.ServiceRegistry.publishServiceEvent(ServiceRegistry.java:771) [org.eclipse.osgi_3.8.2.v20130124-134944.jar:na]
	at org.eclipse.osgi.internal.serviceregistry.ServiceRegistrationImpl.register(ServiceRegistrationImpl.java:130) [org.eclipse.osgi_3.8.2.v20130124-134944.jar:na]
	at org.eclipse.osgi.internal.serviceregistry.ServiceRegistry.registerService(ServiceRegistry.java:214) [org.eclipse.osgi_3.8.2.v20130124-134944.jar:na]
	at org.eclipse.osgi.framework.internal.core.BundleContextImpl.registerService(BundleContextImpl.java:433) [org.eclipse.osgi_3.8.2.v20130124-134944.jar:na]
	at org.eclipse.osgi.framework.internal.core.BundleContextImpl.registerService(BundleContextImpl.java:451) [org.eclipse.osgi_3.8.2.v20130124-134944.jar:na]
	at org.eclipse.jetty.osgi.boot.internal.serverfactory.DefaultJettyAtJettyHomeHelper.startJettyAtJettyHome(DefaultJettyAtJettyHomeHelper.java:156) [org.eclipse.jetty.osgi.boot_8.1.3.v20120522.jar:8.1.3.v20120522]
	at org.eclipse.jetty.osgi.boot.JettyBootstrapActivator.start(JettyBootstrapActivator.java:119) [org.eclipse.jetty.osgi.boot_8.1.3.v20120522.jar:8.1.3.v20120522]
	at org.eclipse.osgi.framework.internal.core.BundleContextImpl$1.run(BundleContextImpl.java:711) [org.eclipse.osgi_3.8.2.v20130124-134944.jar:na]
	at java.security.AccessController.doPrivileged(Native Method) [na:1.8.0_31]
	at org.eclipse.osgi.framework.internal.core.BundleContextImpl.startActivator(BundleContextImpl.java:702) [org.eclipse.osgi_3.8.2.v20130124-134944.jar:na]
	at org.eclipse.osgi.framework.internal.core.BundleContextImpl.start(BundleContextImpl.java:683) [org.eclipse.osgi_3.8.2.v20130124-134944.jar:na]
	at org.eclipse.osgi.framework.internal.core.BundleHost.startWorker(BundleHost.java:381) [org.eclipse.osgi_3.8.2.v20130124-134944.jar:na]
	at org.eclipse.osgi.framework.internal.core.AbstractBundle.resume(AbstractBundle.java:390) [org.eclipse.osgi_3.8.2.v20130124-134944.jar:na]
	at org.eclipse.osgi.framework.internal.core.Framework.resumeBundle(Framework.java:1176) [org.eclipse.osgi_3.8.2.v20130124-134944.jar:na]
	at org.eclipse.osgi.framework.internal.core.StartLevelManager.resumeBundles(StartLevelManager.java:559) [org.eclipse.osgi_3.8.2.v20130124-134944.jar:na]
	at org.eclipse.osgi.framework.internal.core.StartLevelManager.resumeBundles(StartLevelManager.java:544) [org.eclipse.osgi_3.8.2.v20130124-134944.jar:na]
	at org.eclipse.osgi.framework.internal.core.StartLevelManager.incFWSL(StartLevelManager.java:457) [org.eclipse.osgi_3.8.2.v20130124-134944.jar:na]
	at org.eclipse.osgi.framework.internal.core.StartLevelManager.doSetStartLevel(StartLevelManager.java:243) [org.eclipse.osgi_3.8.2.v20130124-134944.jar:na]
	at org.eclipse.osgi.framework.internal.core.StartLevelManager.dispatchEvent(StartLevelManager.java:438) [org.eclipse.osgi_3.8.2.v20130124-134944.jar:na]
	at org.eclipse.osgi.framework.internal.core.StartLevelManager.dispatchEvent(StartLevelManager.java:1) [org.eclipse.osgi_3.8.2.v20130124-134944.jar:na]
	at org.eclipse.osgi.framework.eventmgr.EventManager.dispatchEvent(EventManager.java:230) [org.eclipse.osgi_3.8.2.v20130124-134944.jar:na]
	at org.eclipse.osgi.framework.eventmgr.EventManager$EventThread.run(EventManager.java:340) [org.eclipse.osgi_3.8.2.v20130124-134944.jar:na]
2015-08-28 17:03:38.620 [WARN ] [.u.component.AbstractLifeCycle] - FAILED org.eclipse.jetty.server.Server@575f56: java.net.BindException: Address already in use: bind
java.net.BindException: Address already in use: bind
	at sun.nio.ch.Net.bind0(Native Method) ~[na:1.8.0_31]
	at sun.nio.ch.Net.bind(Unknown Source) ~[na:1.8.0_31]
	at sun.nio.ch.Net.bind(Unknown Source) ~[na:1.8.0_31]
	at sun.nio.ch.ServerSocketChannelImpl.bind(Unknown Source) ~[na:1.8.0_31]
	at sun.nio.ch.ServerSocketAdaptor.bind(Unknown Source) ~[na:1.8.0_31]
	at org.eclipse.jetty.server.nio.SelectChannelConnector.open(SelectChannelConnector.java:182) ~[org.eclipse.jetty.server_8.1.3.v20120522.jar:8.1.3.v20120522]
	at org.eclipse.jetty.server.AbstractConnector.doStart(AbstractConnector.java:311) ~[org.eclipse.jetty.server_8.1.3.v20120522.jar:8.1.3.v20120522]
	at org.eclipse.jetty.server.nio.SelectChannelConnector.doStart(SelectChannelConnector.java:260) ~[org.eclipse.jetty.server_8.1.3.v20120522.jar:8.1.3.v20120522]
	at org.eclipse.jetty.util.component.AbstractLifeCycle.start(AbstractLifeCycle.java:59) ~[org.eclipse.jetty.util_8.1.3.v20120522.jar:8.1.3.v20120522]
	at org.eclipse.jetty.server.Server.doStart(Server.java:273) ~[org.eclipse.jetty.server_8.1.3.v20120522.jar:8.1.3.v20120522]
	at org.eclipse.jetty.util.component.AbstractLifeCycle.start(AbstractLifeCycle.java:59) ~[org.eclipse.jetty.util_8.1.3.v20120522.jar:8.1.3.v20120522]
	at org.eclipse.jetty.osgi.boot.internal.serverfactory.ServerInstanceWrapper.start(ServerInstanceWrapper.java:166) [org.eclipse.jetty.osgi.boot_8.1.3.v20120522.jar:8.1.3.v20120522]
	at org.eclipse.jetty.osgi.boot.internal.serverfactory.JettyServerServiceTracker.serviceChanged(JettyServerServiceTracker.java:112) [org.eclipse.jetty.osgi.boot_8.1.3.v20120522.jar:8.1.3.v20120522]
	at org.eclipse.osgi.internal.serviceregistry.FilteredServiceListener.serviceChanged(FilteredServiceListener.java:107) [org.eclipse.osgi_3.8.2.v20130124-134944.jar:na]
	at org.eclipse.osgi.framework.internal.core.BundleContextImpl.dispatchEvent(BundleContextImpl.java:861) [org.eclipse.osgi_3.8.2.v20130124-134944.jar:na]
	at org.eclipse.osgi.framework.eventmgr.EventManager.dispatchEvent(EventManager.java:230) [org.eclipse.osgi_3.8.2.v20130124-134944.jar:na]
	at org.eclipse.osgi.framework.eventmgr.ListenerQueue.dispatchEventSynchronous(ListenerQueue.java:148) [org.eclipse.osgi_3.8.2.v20130124-134944.jar:na]
	at org.eclipse.osgi.internal.serviceregistry.ServiceRegistry.publishServiceEventPrivileged(ServiceRegistry.java:819) [org.eclipse.osgi_3.8.2.v20130124-134944.jar:na]
	at org.eclipse.osgi.internal.serviceregistry.ServiceRegistry.publishServiceEvent(ServiceRegistry.java:771) [org.eclipse.osgi_3.8.2.v20130124-134944.jar:na]
	at org.eclipse.osgi.internal.serviceregistry.ServiceRegistrationImpl.register(ServiceRegistrationImpl.java:130) [org.eclipse.osgi_3.8.2.v20130124-134944.jar:na]
	at org.eclipse.osgi.internal.serviceregistry.ServiceRegistry.registerService(ServiceRegistry.java:214) [org.eclipse.osgi_3.8.2.v20130124-134944.jar:na]
	at org.eclipse.osgi.framework.internal.core.BundleContextImpl.registerService(BundleContextImpl.java:433) [org.eclipse.osgi_3.8.2.v20130124-134944.jar:na]
	at org.eclipse.osgi.framework.internal.core.BundleContextImpl.registerService(BundleContextImpl.java:451) [org.eclipse.osgi_3.8.2.v20130124-134944.jar:na]
	at org.eclipse.jetty.osgi.boot.internal.serverfactory.DefaultJettyAtJettyHomeHelper.startJettyAtJettyHome(DefaultJettyAtJettyHomeHelper.java:156) [org.eclipse.jetty.osgi.boot_8.1.3.v20120522.jar:8.1.3.v20120522]
	at org.eclipse.jetty.osgi.boot.JettyBootstrapActivator.start(JettyBootstrapActivator.java:119) [org.eclipse.jetty.osgi.boot_8.1.3.v20120522.jar:8.1.3.v20120522]
	at org.eclipse.osgi.framework.internal.core.BundleContextImpl$1.run(BundleContextImpl.java:711) [org.eclipse.osgi_3.8.2.v20130124-134944.jar:na]
	at java.security.AccessController.doPrivileged(Native Method) [na:1.8.0_31]
	at org.eclipse.osgi.framework.internal.core.BundleContextImpl.startActivator(BundleContextImpl.java:702) [org.eclipse.osgi_3.8.2.v20130124-134944.jar:na]
	at org.eclipse.osgi.framework.internal.core.BundleContextImpl.start(BundleContextImpl.java:683) [org.eclipse.osgi_3.8.2.v20130124-134944.jar:na]
	at org.eclipse.osgi.framework.internal.core.BundleHost.startWorker(BundleHost.java:381) [org.eclipse.osgi_3.8.2.v20130124-134944.jar:na]
	at org.eclipse.osgi.framework.internal.core.AbstractBundle.resume(AbstractBundle.java:390) [org.eclipse.osgi_3.8.2.v20130124-134944.jar:na]
	at org.eclipse.osgi.framework.internal.core.Framework.resumeBundle(Framework.java:1176) [org.eclipse.osgi_3.8.2.v20130124-134944.jar:na]
	at org.eclipse.osgi.framework.internal.core.StartLevelManager.resumeBundles(StartLevelManager.java:559) [org.eclipse.osgi_3.8.2.v20130124-134944.jar:na]
	at org.eclipse.osgi.framework.internal.core.StartLevelManager.resumeBundles(StartLevelManager.java:544) [org.eclipse.osgi_3.8.2.v20130124-134944.jar:na]
	at org.eclipse.osgi.framework.internal.core.StartLevelManager.incFWSL(StartLevelManager.java:457) [org.eclipse.osgi_3.8.2.v20130124-134944.jar:na]
	at org.eclipse.osgi.framework.internal.core.StartLevelManager.doSetStartLevel(StartLevelManager.java:243) [org.eclipse.osgi_3.8.2.v20130124-134944.jar:na]
	at org.eclipse.osgi.framework.internal.core.StartLevelManager.dispatchEvent(StartLevelManager.java:438) [org.eclipse.osgi_3.8.2.v20130124-134944.jar:na]
	at org.eclipse.osgi.framework.internal.core.StartLevelManager.dispatchEvent(StartLevelManager.java:1) [org.eclipse.osgi_3.8.2.v20130124-134944.jar:na]
	at org.eclipse.osgi.framework.eventmgr.EventManager.dispatchEvent(EventManager.java:230) [org.eclipse.osgi_3.8.2.v20130124-134944.jar:na]
	at org.eclipse.osgi.framework.eventmgr.EventManager$EventThread.run(EventManager.java:340) [org.eclipse.osgi_3.8.2.v20130124-134944.jar:na]
2015-08-28 17:03:39.731 [WARN ] [.i.s.JettyServerServiceTracker] - 
java.net.BindException: Address already in use: bind
	at sun.nio.ch.Net.bind0(Native Method) ~[na:1.8.0_31]
	at sun.nio.ch.Net.bind(Unknown Source) ~[na:1.8.0_31]
	at sun.nio.ch.Net.bind(Unknown Source) ~[na:1.8.0_31]
	at sun.nio.ch.ServerSocketChannelImpl.bind(Unknown Source) ~[na:1.8.0_31]
	at sun.nio.ch.ServerSocketAdaptor.bind(Unknown Source) ~[na:1.8.0_31]
	at org.eclipse.jetty.server.nio.SelectChannelConnector.open(SelectChannelConnector.java:182) ~[na:na]
	at org.eclipse.jetty.server.AbstractConnector.doStart(AbstractConnector.java:311) ~[na:na]
	at org.eclipse.jetty.server.nio.SelectChannelConnector.doStart(SelectChannelConnector.java:260) ~[na:na]
	at org.eclipse.jetty.util.component.AbstractLifeCycle.start(AbstractLifeCycle.java:59) ~[na:na]
	at org.eclipse.jetty.server.Server.doStart(Server.java:273) ~[na:na]
	at org.eclipse.jetty.util.component.AbstractLifeCycle.start(AbstractLifeCycle.java:59) ~[na:na]
	at org.eclipse.jetty.osgi.boot.internal.serverfactory.ServerInstanceWrapper.start(ServerInstanceWrapper.java:166) ~[na:na]
	at org.eclipse.jetty.osgi.boot.internal.serverfactory.JettyServerServiceTracker.serviceChanged(JettyServerServiceTracker.java:112) ~[na:na]
	at org.eclipse.osgi.internal.serviceregistry.FilteredServiceListener.serviceChanged(FilteredServiceListener.java:107) [org.eclipse.osgi_3.8.2.v20130124-134944.jar:na]
	at org.eclipse.osgi.framework.internal.core.BundleContextImpl.dispatchEvent(BundleContextImpl.java:861) [org.eclipse.osgi_3.8.2.v20130124-134944.jar:na]
	at org.eclipse.osgi.framework.eventmgr.EventManager.dispatchEvent(EventManager.java:230) [org.eclipse.osgi_3.8.2.v20130124-134944.jar:na]
	at org.eclipse.osgi.framework.eventmgr.ListenerQueue.dispatchEventSynchronous(ListenerQueue.java:148) [org.eclipse.osgi_3.8.2.v20130124-134944.jar:na]
	at org.eclipse.osgi.internal.serviceregistry.ServiceRegistry.publishServiceEventPrivileged(ServiceRegistry.java:819) [org.eclipse.osgi_3.8.2.v20130124-134944.jar:na]
	at org.eclipse.osgi.internal.serviceregistry.ServiceRegistry.publishServiceEvent(ServiceRegistry.java:771) [org.eclipse.osgi_3.8.2.v20130124-134944.jar:na]
	at org.eclipse.osgi.internal.serviceregistry.ServiceRegistrationImpl.register(ServiceRegistrationImpl.java:130) [org.eclipse.osgi_3.8.2.v20130124-134944.jar:na]
	at org.eclipse.osgi.internal.serviceregistry.ServiceRegistry.registerService(ServiceRegistry.java:214) [org.eclipse.osgi_3.8.2.v20130124-134944.jar:na]
	at org.eclipse.osgi.framework.internal.core.BundleContextImpl.registerService(BundleContextImpl.java:433) [org.eclipse.osgi_3.8.2.v20130124-134944.jar:na]
	at org.eclipse.osgi.framework.internal.core.BundleContextImpl.registerService(BundleContextImpl.java:451) [org.eclipse.osgi_3.8.2.v20130124-134944.jar:na]
	at org.eclipse.jetty.osgi.boot.internal.serverfactory.DefaultJettyAtJettyHomeHelper.startJettyAtJettyHome(DefaultJettyAtJettyHomeHelper.java:156) [org.eclipse.jetty.osgi.boot_8.1.3.v20120522.jar:8.1.3.v20120522]
	at org.eclipse.jetty.osgi.boot.JettyBootstrapActivator.start(JettyBootstrapActivator.java:119) [org.eclipse.jetty.osgi.boot_8.1.3.v20120522.jar:8.1.3.v20120522]
	at org.eclipse.osgi.framework.internal.core.BundleContextImpl$1.run(BundleContextImpl.java:711) [org.eclipse.osgi_3.8.2.v20130124-134944.jar:na]
	at java.security.AccessController.doPrivileged(Native Method) [na:1.8.0_31]
	at org.eclipse.osgi.framework.internal.core.BundleContextImpl.startActivator(BundleContextImpl.java:702) [org.eclipse.osgi_3.8.2.v20130124-134944.jar:na]
	at org.eclipse.osgi.framework.internal.core.BundleContextImpl.start(BundleContextImpl.java:683) [org.eclipse.osgi_3.8.2.v20130124-134944.jar:na]
	at org.eclipse.osgi.framework.internal.core.BundleHost.startWorker(BundleHost.java:381) [org.eclipse.osgi_3.8.2.v20130124-134944.jar:na]
	at org.eclipse.osgi.framework.internal.core.AbstractBundle.resume(AbstractBundle.java:390) [org.eclipse.osgi_3.8.2.v20130124-134944.jar:na]
	at org.eclipse.osgi.framework.internal.core.Framework.resumeBundle(Framework.java:1176) [org.eclipse.osgi_3.8.2.v20130124-134944.jar:na]
	at org.eclipse.osgi.framework.internal.core.StartLevelManager.resumeBundles(StartLevelManager.java:559) [org.eclipse.osgi_3.8.2.v20130124-134944.jar:na]
	at org.eclipse.osgi.framework.internal.core.StartLevelManager.resumeBundles(StartLevelManager.java:544) [org.eclipse.osgi_3.8.2.v20130124-134944.jar:na]
	at org.eclipse.osgi.framework.internal.core.StartLevelManager.incFWSL(StartLevelManager.java:457) [org.eclipse.osgi_3.8.2.v20130124-134944.jar:na]
	at org.eclipse.osgi.framework.internal.core.StartLevelManager.doSetStartLevel(StartLevelManager.java:243) [org.eclipse.osgi_3.8.2.v20130124-134944.jar:na]
	at org.eclipse.osgi.framework.internal.core.StartLevelManager.dispatchEvent(StartLevelManager.java:438) [org.eclipse.osgi_3.8.2.v20130124-134944.jar:na]
	at org.eclipse.osgi.framework.internal.core.StartLevelManager.dispatchEvent(StartLevelManager.java:1) [org.eclipse.osgi_3.8.2.v20130124-134944.jar:na]
	at org.eclipse.osgi.framework.eventmgr.EventManager.dispatchEvent(EventManager.java:230) [org.eclipse.osgi_3.8.2.v20130124-134944.jar:na]
	at org.eclipse.osgi.framework.eventmgr.EventManager$EventThread.run(EventManager.java:340) [org.eclipse.osgi_3.8.2.v20130124-134944.jar:na]
2015-08-28 17:03:40.843 [INFO ] [.o.core.internal.CoreActivator] - openHAB runtime has been started (v1.7.1).
2015-08-28 17:03:41.992 [INFO ] [o.o.i.s.i.DiscoveryServiceImpl] - mDNS service has been started
2015-08-28 17:03:42.378 [INFO ] [o.o.i.s.i.DiscoveryServiceImpl] - Service Discovery initialization completed.
